<?xml version="1.0" encoding="UTF-8" ?>
<testsuite tests="55" failures="0" name="hello.GreeterTest" time="2.5" errors="0" skipped="5">
  <properties>
[...]
</properties>
  <testcase classname="hello.GreeterTest" name="DivTestWithSingleFrame" time="0.018"/>
  <testcase classname="hello.GreeterTest" name="ModeSansEchec" time="0"/>
  <testcase classname="hello.GreeterTest" name="Reboot" time="0"/>
  <testcase classname="hello.GreeterTest" name="NewImageDisplayWithAlexandre" time="0"/>
  <testcase classname="hello.GreeterTest" name="PHPModule" time="0"/>
  <testcase classname="hello.GreeterTest" name="iPadVersion" time="0"/>
  <testcase classname="hello.GreeterTest" name="DoubleAuth" time="0"/>
  <testcase classname="hello.GreeterTest" name="FreeMode" time="0"/>
  <testcase classname="hello.GreeterTest" name="MultiLanguages" time="0.001"/>
  <testcase classname="hello.GreeterTest" name="ImageScripting" time="0"/>
  <testcase classname="hello.GreeterTest" name="AuthentificationModule" time="0"/>
  <testcase classname="hello.GreeterTest" name="DevMode" time="0"/>
  <testcase classname="hello.GreeterTest" name="Devices" time="0"/>
  <testcase classname="hello.GreeterTest" name="LoginTentative" time="0"/>
  <testcase classname="hello.GreeterTest" name="ProdMode" time="0"/>
  <testcase classname="hello.GreeterTest" name="PopularTest" time="0"/>
  <testcase classname="hello.GreeterTest" name="Dashboarding" time="0"/>
  <testcase classname="hello.GreeterTest" name="ImageWithoutBorders" time="0.001"/>
  <testcase classname="hello.GreeterTest" name="kubernetesDetection" time="0"/>
  <testcase classname="hello.GreeterTest" name="Redirection" time="0"/>
  <testcase classname="hello.GreeterTest" name="ImageFromCanary" time="0"/>
  <testcase classname="hello.GreeterTest" name="AuthModule" time="0"/>
  <testcase classname="hello.GreeterTest" name="CrazyMode" time="0"/>
  <testcase classname="hello.GreeterTest" name="PopularIssueTest42" time="0"/>
  <testcase classname="hello.GreeterTest" name="LandingPageImage2" time="0"/>
  <testcase classname="hello.GreeterTest" name="SEO" time="0"/>
  <testcase classname="hello.GreeterTest" name="LibC" time="0"/>
  <testcase classname="hello.GreeterTest" name="Menu" time="0"/>
  <testcase classname="hello.GreeterTest" name="AccessWithoutUsers" time="0"/>
  <testcase classname="hello.GreeterTest" name="Menu2" time="0"/>
  <testcase classname="hello.GreeterTest" name="RBCAS" time="0"/>
  <testcase classname="hello.GreeterTest" name="Stats" time="0"/>
  <testcase classname="hello.GreeterTest" name="WebAppInit2" time="0"/>
  <testcase classname="hello.GreeterTest" name="RetroSystem" time="0"/>
  <testcase classname="hello.GreeterTest" name="BackgroundWithAutoSize" time="0"/>
  <testcase classname="hello.GreeterTest" name="NoBackground" time="0"/>
  <testcase classname="hello.GreeterTest" name="FullTestWithFakeData" time="0"/>
  <testcase classname="hello.GreeterTest" name="GoogleAuth" time="0"/>
  <testcase classname="hello.GreeterTest" name="ResizeTheFrame" time="0"/>
  <testcase classname="hello.GreeterTest" name="WebAppinChrome" time="0"/>
  <testcase classname="hello.GreeterTest" name="SEverification" time="0"/>
  <testcase classname="hello.GreeterTest" name="SpringBootInit" time="0"/>
  <testcase classname="hello.GreeterTest" name="LandscapingMode" time="0"/>
  <testcase classname="hello.GreeterTest" name="FullScreenMode" time="0"/>
  <testcase classname="hello.GreeterTest" name="AppInit" time="0"/>
  <testcase classname="hello.GreeterTest" name="FeatureFlagMode" time="0.001"/>
  <testcase classname="hello.GreeterTest" name="LandingPageImage" time="0"/>
  <testcase classname="hello.GreeterTest" name="NewFrame" time="0"/>
  <testcase classname="hello.GreeterTest" name="NewImage" time="0"/>
  <testcase classname="hello.GreeterTest" name="NewPages" time="0"/>
  <testcase classname="hello.GreeterTest" name="MainIssue" time="0"/>
  <testcase classname="hello.GreeterTest" name="database" time="0"/>
  <testcase classname="hello.GreeterTest" name="MainAccess" time="0"/>
  <testcase classname="hello.GreeterTest" name="oktaConfig" time="0.001"/>
  <testcase classname="hello.GreeterTest" name="WebAppInit" time="0"/>
</testsuite>