<?xml version="1.0" encoding="UTF-8" ?>
<testsuite tests="5" failures="0" name="hello.GreeterTest" time="0.038" errors="0" skipped="0">
  <properties>
[...]
</properties>
  <testcase classname="hello.GreeterTest" name="greeterSaysHello2" time="0.038"/>
  <testcase classname="hello.GreeterTest" name="greeterSaysHello3" time="0"/>
  <testcase classname="hello.GreeterTest" name="greeterSaysHello4" time="0"/>
  <testcase classname="hello.GreeterTest" name="greeterSaysHello5" time="0"/>
  <testcase classname="hello.GreeterTest" name="greeterSaysHello" time="0"/>
</testsuite>